INFO main com.mchange.v2.log.MLog - MLog clients using log4j logging.
INFO main com.mchange.v2.c3p0.C3P0Registry - Initializing c3p0-0.9.1.1 [built 15-March-2007 01:32:31; debug? true; trace: 10]
INFO main com.mchange.v2.c3p0.impl.AbstractPoolBackedDataSource - Initializing c3p0 pool... com.mchange.v2.c3p0.ComboPooledDataSource [ acquireIncrement -> 3, acquireRetryAttempts -> 30, acquireRetryDelay -> 1000, autoCommitOnClose -> false, automaticTestTable -> null, breakAfterAcquireFailure -> false, checkoutTimeout -> 8000, connectionCustomizerClassName -> null, connectionTesterClassName -> com.mchange.v2.c3p0.impl.DefaultConnectionTester, dataSourceName -> 2zkv0792l2iihfi934l9|59a34, debugUnreturnedConnectionStackTraces -> false, description -> null, driverClass -> com.mysql.jdbc.Driver, factoryClassLocation -> null, forceIgnoreUnresolvedTransactions -> false, identityToken -> 2zkv0792l2iihfi934l9|59a34, idleConnectionTestPeriod -> 50, initialPoolSize -> 3, jdbcUrl -> jdbc:mysql://localhost:3306/quartz, lastAcquisitionFailureDefaultUser -> null, maxAdministrativeTaskTime -> 0, maxConnectionAge -> 0, maxIdleTime -> 0, maxIdleTimeExcessConnections -> 0, maxPoolSize -> 5, maxStatements -> 0, maxStatementsPerConnection -> 120, minPoolSize -> 1, numHelperThreads -> 3, numThreadsAwaitingCheckoutDefaultUser -> 0, preferredTestQuery -> select 0, properties -> {user=******, password=******}, propertyCycle -> 0, testConnectionOnCheckin -> true, testConnectionOnCheckout -> false, unreturnedConnectionTimeout -> 0, usesTraditionalReflectiveProxies -> false ]
INFO main org.artemis.vcloudplus.task.ClusterMgt - db is online, running in cluster mode
INFO main main - vcloud plus manager is going to run
INFO main org.quartz.impl.StdSchedulerFactory - Using default implementation for ThreadExecutor
INFO main org.quartz.core.SchedulerSignalerImpl - Initialized Scheduler Signaller of type: class org.quartz.core.SchedulerSignalerImpl
INFO main org.quartz.core.QuartzScheduler - Quartz Scheduler v.2.2.1 created.
INFO main org.quartz.impl.jdbcjobstore.JobStoreTX - Using db table-based data access locking (synchronization).
INFO main org.quartz.impl.jdbcjobstore.JobStoreTX - JobStoreTX initialized.
INFO main org.quartz.core.QuartzScheduler - Scheduler meta-data: Quartz Scheduler (v2.2.1) 'TestScheduler' with instanceId 'instance_one'
  Scheduler class: 'org.quartz.core.QuartzScheduler' - running locally.
  NOT STARTED.
  Currently in standby mode.
  Number of jobs executed: 0
  Using thread pool 'org.quartz.simpl.SimpleThreadPool' - with 5 threads.
  Using job-store 'org.quartz.impl.jdbcjobstore.JobStoreTX' - which supports persistence. and is clustered.

INFO main org.quartz.impl.StdSchedulerFactory - Quartz scheduler 'TestScheduler' initialized from specified file: 'D:\vcloud\VMware-vCloudDirector-JavaSDK\SDK-5.1.0/config/quartz_node.properties'
INFO main org.quartz.impl.StdSchedulerFactory - Quartz scheduler version: 2.2.1
INFO main com.mchange.v2.c3p0.impl.AbstractPoolBackedDataSource - Initializing c3p0 pool... com.mchange.v2.c3p0.ComboPooledDataSource [ acquireIncrement -> 3, acquireRetryAttempts -> 30, acquireRetryDelay -> 1000, autoCommitOnClose -> false, automaticTestTable -> null, breakAfterAcquireFailure -> false, checkoutTimeout -> 0, connectionCustomizerClassName -> null, connectionTesterClassName -> com.mchange.v2.c3p0.impl.DefaultConnectionTester, dataSourceName -> 2zkv0792l2iihfi934l9|135da43, debugUnreturnedConnectionStackTraces -> false, description -> null, driverClass -> com.mysql.jdbc.Driver, factoryClassLocation -> null, forceIgnoreUnresolvedTransactions -> false, identityToken -> 2zkv0792l2iihfi934l9|135da43, idleConnectionTestPeriod -> 50, initialPoolSize -> 3, jdbcUrl -> jdbc:mysql://localhost:3306/quartz, lastAcquisitionFailureDefaultUser -> null, maxAdministrativeTaskTime -> 0, maxConnectionAge -> 0, maxIdleTime -> 0, maxIdleTimeExcessConnections -> 0, maxPoolSize -> 5, maxStatements -> 0, maxStatementsPerConnection -> 120, minPoolSize -> 1, numHelperThreads -> 3, numThreadsAwaitingCheckoutDefaultUser -> 0, preferredTestQuery -> select 0, properties -> {user=******, password=******}, propertyCycle -> 0, testConnectionOnCheckin -> true, testConnectionOnCheckout -> false, unreturnedConnectionTimeout -> 0, usesTraditionalReflectiveProxies -> false ]
INFO main org.artemis.vcloudplus.en.VCloudPlusRunner - job null is scheduled.
INFO main com.mchange.v2.log.MLog - MLog clients using log4j logging.
INFO main com.mchange.v2.c3p0.C3P0Registry - Initializing c3p0-0.9.1.1 [built 15-March-2007 01:32:31; debug? true; trace: 10]
INFO main com.mchange.v2.c3p0.impl.AbstractPoolBackedDataSource - Initializing c3p0 pool... com.mchange.v2.c3p0.ComboPooledDataSource [ acquireIncrement -> 3, acquireRetryAttempts -> 30, acquireRetryDelay -> 1000, autoCommitOnClose -> false, automaticTestTable -> null, breakAfterAcquireFailure -> false, checkoutTimeout -> 8000, connectionCustomizerClassName -> null, connectionTesterClassName -> com.mchange.v2.c3p0.impl.DefaultConnectionTester, dataSourceName -> 2zkv0792l5mhwnuudqxo|8a0544, debugUnreturnedConnectionStackTraces -> false, description -> null, driverClass -> com.mysql.jdbc.Driver, factoryClassLocation -> null, forceIgnoreUnresolvedTransactions -> false, identityToken -> 2zkv0792l5mhwnuudqxo|8a0544, idleConnectionTestPeriod -> 50, initialPoolSize -> 3, jdbcUrl -> jdbc:mysql://localhost:3306/quartz, lastAcquisitionFailureDefaultUser -> null, maxAdministrativeTaskTime -> 0, maxConnectionAge -> 0, maxIdleTime -> 0, maxIdleTimeExcessConnections -> 0, maxPoolSize -> 5, maxStatements -> 0, maxStatementsPerConnection -> 120, minPoolSize -> 1, numHelperThreads -> 3, numThreadsAwaitingCheckoutDefaultUser -> 0, preferredTestQuery -> select 0, properties -> {user=******, password=******}, propertyCycle -> 0, testConnectionOnCheckin -> true, testConnectionOnCheckout -> false, unreturnedConnectionTimeout -> 0, usesTraditionalReflectiveProxies -> false ]
INFO main org.artemis.vcloudplus.task.ClusterMgt - db is online, running in cluster mode
INFO main main - vcloud plus manager is going to run
INFO main org.quartz.impl.StdSchedulerFactory - Using default implementation for ThreadExecutor
INFO main org.quartz.core.SchedulerSignalerImpl - Initialized Scheduler Signaller of type: class org.quartz.core.SchedulerSignalerImpl
INFO main org.quartz.core.QuartzScheduler - Quartz Scheduler v.2.2.1 created.
INFO main org.quartz.impl.jdbcjobstore.JobStoreTX - Using db table-based data access locking (synchronization).
INFO main org.quartz.impl.jdbcjobstore.JobStoreTX - JobStoreTX initialized.
INFO main org.quartz.core.QuartzScheduler - Scheduler meta-data: Quartz Scheduler (v2.2.1) 'TestScheduler' with instanceId 'instance_one'
  Scheduler class: 'org.quartz.core.QuartzScheduler' - running locally.
  NOT STARTED.
  Currently in standby mode.
  Number of jobs executed: 0
  Using thread pool 'org.quartz.simpl.SimpleThreadPool' - with 5 threads.
  Using job-store 'org.quartz.impl.jdbcjobstore.JobStoreTX' - which supports persistence. and is clustered.

INFO main org.quartz.impl.StdSchedulerFactory - Quartz scheduler 'TestScheduler' initialized from specified file: 'D:\vcloud\VMware-vCloudDirector-JavaSDK\SDK-5.1.0/config/quartz_node.properties'
INFO main org.quartz.impl.StdSchedulerFactory - Quartz scheduler version: 2.2.1
INFO main com.mchange.v2.c3p0.impl.AbstractPoolBackedDataSource - Initializing c3p0 pool... com.mchange.v2.c3p0.ComboPooledDataSource [ acquireIncrement -> 3, acquireRetryAttempts -> 30, acquireRetryDelay -> 1000, autoCommitOnClose -> false, automaticTestTable -> null, breakAfterAcquireFailure -> false, checkoutTimeout -> 0, connectionCustomizerClassName -> null, connectionTesterClassName -> com.mchange.v2.c3p0.impl.DefaultConnectionTester, dataSourceName -> 2zkv0792l5mhwnuudqxo|b0ede5, debugUnreturnedConnectionStackTraces -> false, description -> null, driverClass -> com.mysql.jdbc.Driver, factoryClassLocation -> null, forceIgnoreUnresolvedTransactions -> false, identityToken -> 2zkv0792l5mhwnuudqxo|b0ede5, idleConnectionTestPeriod -> 50, initialPoolSize -> 3, jdbcUrl -> jdbc:mysql://localhost:3306/quartz, lastAcquisitionFailureDefaultUser -> null, maxAdministrativeTaskTime -> 0, maxConnectionAge -> 0, maxIdleTime -> 0, maxIdleTimeExcessConnections -> 0, maxPoolSize -> 5, maxStatements -> 0, maxStatementsPerConnection -> 120, minPoolSize -> 1, numHelperThreads -> 3, numThreadsAwaitingCheckoutDefaultUser -> 0, preferredTestQuery -> select 0, properties -> {user=******, password=******}, propertyCycle -> 0, testConnectionOnCheckin -> true, testConnectionOnCheckout -> false, unreturnedConnectionTimeout -> 0, usesTraditionalReflectiveProxies -> false ]
INFO main com.mchange.v2.log.MLog - MLog clients using log4j logging.
INFO main com.mchange.v2.c3p0.C3P0Registry - Initializing c3p0-0.9.1.1 [built 15-March-2007 01:32:31; debug? true; trace: 10]
INFO main com.mchange.v2.c3p0.impl.AbstractPoolBackedDataSource - Initializing c3p0 pool... com.mchange.v2.c3p0.ComboPooledDataSource [ acquireIncrement -> 3, acquireRetryAttempts -> 30, acquireRetryDelay -> 1000, autoCommitOnClose -> false, automaticTestTable -> null, breakAfterAcquireFailure -> false, checkoutTimeout -> 8000, connectionCustomizerClassName -> null, connectionTesterClassName -> com.mchange.v2.c3p0.impl.DefaultConnectionTester, dataSourceName -> 2zkv0792l5p4wym9fskx|8a0544, debugUnreturnedConnectionStackTraces -> false, description -> null, driverClass -> com.mysql.jdbc.Driver, factoryClassLocation -> null, forceIgnoreUnresolvedTransactions -> false, identityToken -> 2zkv0792l5p4wym9fskx|8a0544, idleConnectionTestPeriod -> 50, initialPoolSize -> 3, jdbcUrl -> jdbc:mysql://localhost:3306/quartz, lastAcquisitionFailureDefaultUser -> null, maxAdministrativeTaskTime -> 0, maxConnectionAge -> 0, maxIdleTime -> 0, maxIdleTimeExcessConnections -> 0, maxPoolSize -> 5, maxStatements -> 0, maxStatementsPerConnection -> 120, minPoolSize -> 1, numHelperThreads -> 3, numThreadsAwaitingCheckoutDefaultUser -> 0, preferredTestQuery -> select 0, properties -> {user=******, password=******}, propertyCycle -> 0, testConnectionOnCheckin -> true, testConnectionOnCheckout -> false, unreturnedConnectionTimeout -> 0, usesTraditionalReflectiveProxies -> false ]
INFO main org.artemis.vcloudplus.task.ClusterMgt - db could not be connected, running in-memory mode
INFO main main - vcloud plus manager is going to run
INFO main org.quartz.impl.StdSchedulerFactory - Using default implementation for ThreadExecutor
INFO main org.quartz.simpl.SimpleThreadPool - Job execution threads will use class loader of thread: main
INFO main org.quartz.core.SchedulerSignalerImpl - Initialized Scheduler Signaller of type: class org.quartz.core.SchedulerSignalerImpl
INFO main org.quartz.core.QuartzScheduler - Quartz Scheduler v.2.2.1 created.
INFO main org.quartz.simpl.RAMJobStore - RAMJobStore initialized.
INFO main org.quartz.core.QuartzScheduler - Scheduler meta-data: Quartz Scheduler (v2.2.1) 'DefaultQuartzScheduler' with instanceId 'NON_CLUSTERED'
  Scheduler class: 'org.quartz.core.QuartzScheduler' - running locally.
  NOT STARTED.
  Currently in standby mode.
  Number of jobs executed: 0
  Using thread pool 'org.quartz.simpl.SimpleThreadPool' - with 10 threads.
  Using job-store 'org.quartz.simpl.RAMJobStore' - which does not support persistence. and is not clustered.

INFO main org.quartz.impl.StdSchedulerFactory - Quartz scheduler 'DefaultQuartzScheduler' initialized from default resource file in Quartz package: 'quartz.properties'
INFO main org.quartz.impl.StdSchedulerFactory - Quartz scheduler version: 2.2.1
WARN com.mchange.v2.async.ThreadPoolAsynchronousRunner$PoolThread-#1 com.mchange.v2.resourcepool.BasicResourcePool - com.mchange.v2.resourcepool.BasicResourcePool@9fa8f -- Thread unexpectedly interrupted while performing an acquisition attempt.
java.lang.InterruptedException: sleep interrupted
	at java.lang.Thread.sleep(Native Method)
	at com.mchange.v2.resourcepool.BasicResourcePool$AcquireTask.run(BasicResourcePool.java:1805)
	at com.mchange.v2.async.ThreadPoolAsynchronousRunner$PoolThread.run(ThreadPoolAsynchronousRunner.java:547)
WARN com.mchange.v2.async.ThreadPoolAsynchronousRunner$PoolThread-#2 com.mchange.v2.resourcepool.BasicResourcePool - com.mchange.v2.resourcepool.BasicResourcePool@9fa8f -- Thread unexpectedly interrupted while performing an acquisition attempt.
java.lang.InterruptedException: sleep interrupted
	at java.lang.Thread.sleep(Native Method)
	at com.mchange.v2.resourcepool.BasicResourcePool$AcquireTask.run(BasicResourcePool.java:1805)
	at com.mchange.v2.async.ThreadPoolAsynchronousRunner$PoolThread.run(ThreadPoolAsynchronousRunner.java:547)
WARN com.mchange.v2.async.ThreadPoolAsynchronousRunner$PoolThread-#0 com.mchange.v2.resourcepool.BasicResourcePool - com.mchange.v2.resourcepool.BasicResourcePool@9fa8f -- Thread unexpectedly interrupted while performing an acquisition attempt.
java.lang.InterruptedException: sleep interrupted
	at java.lang.Thread.sleep(Native Method)
	at com.mchange.v2.resourcepool.BasicResourcePool$AcquireTask.run(BasicResourcePool.java:1805)
	at com.mchange.v2.async.ThreadPoolAsynchronousRunner$PoolThread.run(ThreadPoolAsynchronousRunner.java:547)
INFO main org.artemis.vcloudplus.en.VCloudPlusRunner - job (repeat: -1 , interval: 432000000 . is scheduled.
INFO main com.mchange.v2.log.MLog - MLog clients using log4j logging.
INFO main com.mchange.v2.c3p0.C3P0Registry - Initializing c3p0-0.9.1.1 [built 15-March-2007 01:32:31; debug? true; trace: 10]
INFO main com.mchange.v2.c3p0.impl.AbstractPoolBackedDataSource - Initializing c3p0 pool... com.mchange.v2.c3p0.ComboPooledDataSource [ acquireIncrement -> 3, acquireRetryAttempts -> 30, acquireRetryDelay -> 1000, autoCommitOnClose -> false, automaticTestTable -> null, breakAfterAcquireFailure -> false, checkoutTimeout -> 8000, connectionCustomizerClassName -> null, connectionTesterClassName -> com.mchange.v2.c3p0.impl.DefaultConnectionTester, dataSourceName -> 2zkv0792l5ud4q1oj7vku|8a0544, debugUnreturnedConnectionStackTraces -> false, description -> null, driverClass -> com.mysql.jdbc.Driver, factoryClassLocation -> null, forceIgnoreUnresolvedTransactions -> false, identityToken -> 2zkv0792l5ud4q1oj7vku|8a0544, idleConnectionTestPeriod -> 50, initialPoolSize -> 3, jdbcUrl -> jdbc:mysql://localhost:3306/quartz, lastAcquisitionFailureDefaultUser -> null, maxAdministrativeTaskTime -> 0, maxConnectionAge -> 0, maxIdleTime -> 0, maxIdleTimeExcessConnections -> 0, maxPoolSize -> 5, maxStatements -> 0, maxStatementsPerConnection -> 120, minPoolSize -> 1, numHelperThreads -> 3, numThreadsAwaitingCheckoutDefaultUser -> 0, preferredTestQuery -> select 0, properties -> {user=******, password=******}, propertyCycle -> 0, testConnectionOnCheckin -> true, testConnectionOnCheckout -> false, unreturnedConnectionTimeout -> 0, usesTraditionalReflectiveProxies -> false ]
INFO main org.artemis.vcloudplus.task.ClusterMgt - db could not be connected, running in-memory mode
INFO main main - vcloud plus manager is going to run
INFO main org.quartz.impl.StdSchedulerFactory - Using default implementation for ThreadExecutor
INFO main org.quartz.simpl.SimpleThreadPool - Job execution threads will use class loader of thread: main
INFO main org.quartz.core.SchedulerSignalerImpl - Initialized Scheduler Signaller of type: class org.quartz.core.SchedulerSignalerImpl
INFO main org.quartz.core.QuartzScheduler - Quartz Scheduler v.2.2.1 created.
INFO main org.quartz.simpl.RAMJobStore - RAMJobStore initialized.
INFO main org.quartz.core.QuartzScheduler - Scheduler meta-data: Quartz Scheduler (v2.2.1) 'DefaultQuartzScheduler' with instanceId 'NON_CLUSTERED'
  Scheduler class: 'org.quartz.core.QuartzScheduler' - running locally.
  NOT STARTED.
  Currently in standby mode.
  Number of jobs executed: 0
  Using thread pool 'org.quartz.simpl.SimpleThreadPool' - with 10 threads.
  Using job-store 'org.quartz.simpl.RAMJobStore' - which does not support persistence. and is not clustered.

INFO main org.quartz.impl.StdSchedulerFactory - Quartz scheduler 'DefaultQuartzScheduler' initialized from default resource file in Quartz package: 'quartz.properties'
INFO main org.quartz.impl.StdSchedulerFactory - Quartz scheduler version: 2.2.1
WARN com.mchange.v2.async.ThreadPoolAsynchronousRunner$PoolThread-#0 com.mchange.v2.resourcepool.BasicResourcePool - com.mchange.v2.resourcepool.BasicResourcePool@9fa8f -- Thread unexpectedly interrupted while performing an acquisition attempt.
java.lang.InterruptedException: sleep interrupted
	at java.lang.Thread.sleep(Native Method)
	at com.mchange.v2.resourcepool.BasicResourcePool$AcquireTask.run(BasicResourcePool.java:1805)
	at com.mchange.v2.async.ThreadPoolAsynchronousRunner$PoolThread.run(ThreadPoolAsynchronousRunner.java:547)
WARN com.mchange.v2.async.ThreadPoolAsynchronousRunner$PoolThread-#2 com.mchange.v2.resourcepool.BasicResourcePool - com.mchange.v2.resourcepool.BasicResourcePool@9fa8f -- Thread unexpectedly interrupted while performing an acquisition attempt.
java.lang.InterruptedException: sleep interrupted
	at java.lang.Thread.sleep(Native Method)
	at com.mchange.v2.resourcepool.BasicResourcePool$AcquireTask.run(BasicResourcePool.java:1805)
	at com.mchange.v2.async.ThreadPoolAsynchronousRunner$PoolThread.run(ThreadPoolAsynchronousRunner.java:547)
WARN com.mchange.v2.async.ThreadPoolAsynchronousRunner$PoolThread-#1 com.mchange.v2.resourcepool.BasicResourcePool - com.mchange.v2.resourcepool.BasicResourcePool@9fa8f -- Thread unexpectedly interrupted while performing an acquisition attempt.
java.lang.InterruptedException: sleep interrupted
	at java.lang.Thread.sleep(Native Method)
	at com.mchange.v2.resourcepool.BasicResourcePool$AcquireTask.run(BasicResourcePool.java:1805)
	at com.mchange.v2.async.ThreadPoolAsynchronousRunner$PoolThread.run(ThreadPoolAsynchronousRunner.java:547)
INFO main org.artemis.vcloudplus.en.VCloudPlusRunner - job (name: org.artemis.vcloudplus.task.Updatelease_job, group: VCloudPlusrepeat: -1 , interval: 432000000 . is scheduled.
